# JRE version: OpenJDK Runtime Environment (8.0_202-b03) (build 1.8.0_202-release-1483-b03)
# Java VM: OpenJDK 64-Bit Server VM (25.202-b03 mixed mode windows-amd64 compressed oops)
Heap:
 PSYoungGen      total 470016K, used 198872K [0x00000000e0000000, 0x00000000ffd00000, 0x0000000100000000)
  eden space 422912K, 43% used [0x00000000e0000000,0x00000000eb2bf388,0x00000000f9d00000)
  from space 47104K, 33% used [0x00000000fcf00000,0x00000000fde76cc0,0x00000000ffd00000)
  to   space 49152K, 0% used [0x00000000f9d00000,0x00000000f9d00000,0x00000000fcd00000)
 ParOldGen       total 156160K, used 104423K [0x00000000a0000000, 0x00000000a9880000, 0x00000000e0000000)
  object space 156160K, 66% used [0x00000000a0000000,0x00000000a65f9fe8,0x00000000a9880000)
 Metaspace       used 91546K, capacity 95674K, committed 95896K, reserved 1132544K
  class space    used 11605K, capacity 12381K, committed 12456K, reserved 1048576K
GC Heap History (10 events):
Event: 28.826 GC heap before
{Heap before GC invocations=32 (full 3):
 PSYoungGen      total 486400K, used 466144K [0x00000000e0000000, 0x00000000fff00000, 0x0000000100000000)
  eden space 450560K, 100% used [0x00000000e0000000,0x00000000fb800000,0x00000000fb800000)
  from space 35840K, 43% used [0x00000000fdb00000,0x00000000fea38060,0x00000000ffe00000)
  to   space 35840K, 0% used [0x00000000fb800000,0x00000000fb800000,0x00000000fdb00000)
 ParOldGen       total 156160K, used 106561K [0x00000000a0000000, 0x00000000a9880000, 0x00000000e0000000)
  object space 156160K, 68% used [0x00000000a0000000,0x00000000a6810728,0x00000000a9880000)
 Metaspace       used 83074K, capacity 86700K, committed 86936K, reserved 1124352K
  class space    used 10854K, capacity 11578K, committed 11688K, reserved 1048576K
Event: 28.908 GC heap after
Heap after GC invocations=32 (full 3):
 PSYoungGen      total 486400K, used 35813K [0x00000000e0000000, 0x0000000100000000, 0x0000000100000000)
  eden space 450560K, 0% used [0x00000000e0000000,0x00000000e0000000,0x00000000fb800000)
  from space 35840K, 99% used [0x00000000fb800000,0x00000000fdaf9610,0x00000000fdb00000)
  to   space 37888K, 0% used [0x00000000fdb00000,0x00000000fdb00000,0x0000000100000000)
 ParOldGen       total 156160K, used 140919K [0x00000000a0000000, 0x00000000a9880000, 0x00000000e0000000)
  object space 156160K, 90% used [0x00000000a0000000,0x00000000a899de28,0x00000000a9880000)
 Metaspace       used 83074K, capacity 86700K, committed 86936K, reserved 1124352K
  class space    used 10854K, capacity 11578K, committed 11688K, reserved 1048576K
}
Event: 28.908 GC heap before
{Heap before GC invocations=33 (full 4):
 PSYoungGen      total 486400K, used 35813K [0x00000000e0000000, 0x0000000100000000, 0x0000000100000000)
  eden space 450560K, 0% used [0x00000000e0000000,0x00000000e0000000,0x00000000fb800000)
  from space 35840K, 99% used [0x00000000fb800000,0x00000000fdaf9610,0x00000000fdb00000)
  to   space 37888K, 0% used [0x00000000fdb00000,0x00000000fdb00000,0x0000000100000000)
 ParOldGen       total 156160K, used 140919K [0x00000000a0000000, 0x00000000a9880000, 0x00000000e0000000)
  object space 156160K, 90% used [0x00000000a0000000,0x00000000a899de28,0x00000000a9880000)
 Metaspace       used 83074K, capacity 86700K, committed 86936K, reserved 1124352K
  class space    used 10854K, capacity 11578K, committed 11688K, reserved 1048576K
Event: 29.206 GC heap after
Heap after GC invocations=33 (full 4):
 PSYoungGen      total 486400K, used 0K [0x00000000e0000000, 0x0000000100000000, 0x0000000100000000)
  eden space 450560K, 0% used [0x00000000e0000000,0x00000000e0000000,0x00000000fb800000)
  from space 35840K, 0% used [0x00000000fb800000,0x00000000fb800000,0x00000000fdb00000)
  to   space 37888K, 0% used [0x00000000fdb00000,0x00000000fdb00000,0x0000000100000000)
 ParOldGen       total 156160K, used 104399K [0x00000000a0000000, 0x00000000a9880000, 0x00000000e0000000)
  object space 156160K, 66% used [0x00000000a0000000,0x00000000a65f3fe8,0x00000000a9880000)
 Metaspace       used 82813K, capacity 85992K, committed 86936K, reserved 1124352K
  class space    used 10770K, capacity 11430K, committed 11688K, reserved 1048576K
}
Event: 859.213 GC heap before
{Heap before GC invocations=34 (full 4):
 PSYoungGen      total 486400K, used 450560K [0x00000000e0000000, 0x0000000100000000, 0x0000000100000000)
  eden space 450560K, 100% used [0x00000000e0000000,0x00000000fb800000,0x00000000fb800000)
  from space 35840K, 0% used [0x00000000fb800000,0x00000000fb800000,0x00000000fdb00000)
  to   space 37888K, 0% used [0x00000000fdb00000,0x00000000fdb00000,0x0000000100000000)
 ParOldGen       total 156160K, used 104399K [0x00000000a0000000, 0x00000000a9880000, 0x00000000e0000000)
  object space 156160K, 66% used [0x00000000a0000000,0x00000000a65f3fe8,0x00000000a9880000)
 Metaspace       used 90005K, capacity 93632K, committed 93720K, reserved 1130496K
  class space    used 11532K, capacity 12256K, committed 12328K, reserved 1048576K
Event: 859.320 GC heap after
Heap after GC invocations=34 (full 4):
 PSYoungGen      total 459776K, used 17375K [0x00000000e0000000, 0x0000000100000000, 0x0000000100000000)
  eden space 421888K, 0% used [0x00000000e0000000,0x00000000e0000000,0x00000000f9c00000)
  from space 37888K, 45% used [0x00000000fdb00000,0x00000000febf7e58,0x0000000100000000)
  to   space 51200K, 0% used [0x00000000f9c00000,0x00000000f9c00000,0x00000000fce00000)
 ParOldGen       total 156160K, used 104407K [0x00000000a0000000, 0x00000000a9880000, 0x00000000e0000000)
  object space 156160K, 66% used [0x00000000a0000000,0x00000000a65f5fe8,0x00000000a9880000)
 Metaspace       used 90005K, capacity 93632K, committed 93720K, reserved 1130496K
  class space    used 11532K, capacity 12256K, committed 12328K, reserved 1048576K
}
Event: 3409.743 GC heap before
{Heap before GC invocations=35 (full 4):
 PSYoungGen      total 459776K, used 439263K [0x00000000e0000000, 0x0000000100000000, 0x0000000100000000)
  eden space 421888K, 100% used [0x00000000e0000000,0x00000000f9c00000,0x00000000f9c00000)
  from space 37888K, 45% used [0x00000000fdb00000,0x00000000febf7e58,0x0000000100000000)
  to   space 51200K, 0% used [0x00000000f9c00000,0x00000000f9c00000,0x00000000fce00000)
 ParOldGen       total 156160K, used 104407K [0x00000000a0000000, 0x00000000a9880000, 0x00000000e0000000)
  object space 156160K, 66% used [0x00000000a0000000,0x00000000a65f5fe8,0x00000000a9880000)
 Metaspace       used 90782K, capacity 94616K, committed 94744K, reserved 1132544K
  class space    used 11565K, capacity 12312K, committed 12328K, reserved 1048576K
Event: 3409.874 GC heap after
Heap after GC invocations=35 (full 4):
 PSYoungGen      total 473088K, used 16634K [0x00000000e0000000, 0x0000000100000000, 0x0000000100000000)
  eden space 421888K, 0% used [0x00000000e0000000,0x00000000e0000000,0x00000000f9c00000)
  from space 51200K, 32% used [0x00000000f9c00000,0x00000000fac3e968,0x00000000fce00000)
  to   space 50176K, 0% used [0x00000000fcf00000,0x00000000fcf00000,0x0000000100000000)
 ParOldGen       total 156160K, used 104415K [0x00000000a0000000, 0x00000000a9880000, 0x00000000e0000000)
  object space 156160K, 66% used [0x00000000a0000000,0x00000000a65f7fe8,0x00000000a9880000)
 Metaspace       used 90782K, capacity 94616K, committed 94744K, reserved 1132544K
  class space    used 11565K, capacity 12312K, committed 12328K, reserved 1048576K
}
Event: 8612.804 GC heap before
{Heap before GC invocations=36 (full 4):
 PSYoungGen      total 473088K, used 438522K [0x00000000e0000000, 0x0000000100000000, 0x0000000100000000)
  eden space 421888K, 100% used [0x00000000e0000000,0x00000000f9c00000,0x00000000f9c00000)
  from space 51200K, 32% used [0x00000000f9c00000,0x00000000fac3e968,0x00000000fce00000)
  to   space 50176K, 0% used [0x00000000fcf00000,0x00000000fcf00000,0x0000000100000000)
 ParOldGen       total 156160K, used 104415K [0x00000000a0000000, 0x00000000a9880000, 0x00000000e0000000)
  object space 156160K, 66% used [0x00000000a0000000,0x00000000a65f7fe8,0x00000000a9880000)
 Metaspace       used 91400K, capacity 95418K, committed 95640K, reserved 1132544K
  class space    used 11604K, capacity 12381K, committed 12456K, reserved 1048576K
Event: 8613.014 GC heap after
Heap after GC invocations=36 (full 4):
 PSYoungGen      total 470016K, used 15835K [0x00000000e0000000, 0x00000000ffd00000, 0x0000000100000000)
  eden space 422912K, 0% used [0x00000000e0000000,0x00000000e0000000,0x00000000f9d00000)
  from space 47104K, 33% used [0x00000000fcf00000,0x00000000fde76cc0,0x00000000ffd00000)
  to   space 49152K, 0% used [0x00000000f9d00000,0x00000000f9d00000,0x00000000fcd00000)
 ParOldGen       total 156160K, used 104423K [0x00000000a0000000, 0x00000000a9880000, 0x00000000e0000000)
  object space 156160K, 66% used [0x00000000a0000000,0x00000000a65f9fe8,0x00000000a9880000)
 Metaspace       used 91400K, capacity 95418K, committed 95640K, reserved 1132544K
  class space    used 11604K, capacity 12381K, committed 12456K, reserved 1048576K
}

