# JRE version: OpenJDK Runtime Environment (8.0_202-b03) (build 1.8.0_202-release-1483-b03)
# Java VM: OpenJDK 64-Bit Server VM (25.202-b03 mixed mode windows-amd64 compressed oops)
Heap:
 PSYoungGen      total 457728K, used 132861K [0x00000000e0000000, 0x0000000100000000, 0x0000000100000000)
  eden space 413184K, 26% used [0x00000000e0000000,0x00000000e69259e8,0x00000000f9380000)
  from space 44544K, 57% used [0x00000000f9380000,0x00000000fac75800,0x00000000fbf00000)
  to   space 45056K, 0% used [0x00000000fd400000,0x00000000fd400000,0x0000000100000000)
 ParOldGen       total 163840K, used 92081K [0x00000000a0000000, 0x00000000aa000000, 0x00000000e0000000)
  object space 163840K, 56% used [0x00000000a0000000,0x00000000a59ec540,0x00000000aa000000)
 Metaspace       used 125338K, capacity 131959K, committed 132120K, reserved 1163264K
  class space    used 16189K, capacity 17360K, committed 17448K, reserved 1048576K
GC Heap History (10 events):
Event: 3493.254 GC heap before
{Heap before GC invocations=23 (full 4):
 PSYoungGen      total 358912K, used 342528K [0x00000000e0000000, 0x00000000f7680000, 0x0000000100000000)
  eden space 342528K, 100% used [0x00000000e0000000,0x00000000f4e80000,0x00000000f4e80000)
  from space 16384K, 0% used [0x00000000f6680000,0x00000000f6680000,0x00000000f7680000)
  to   space 20480K, 0% used [0x00000000f4e80000,0x00000000f4e80000,0x00000000f6280000)
 ParOldGen       total 163840K, used 44267K [0x00000000a0000000, 0x00000000aa000000, 0x00000000e0000000)
  object space 163840K, 27% used [0x00000000a0000000,0x00000000a2b3aef8,0x00000000aa000000)
 Metaspace       used 107427K, capacity 112221K, committed 112664K, reserved 1146880K
  class space    used 14137K, capacity 15045K, committed 15144K, reserved 1048576K
Event: 3493.294 GC heap after
Heap after GC invocations=23 (full 4):
 PSYoungGen      total 363008K, used 20475K [0x00000000e0000000, 0x00000000fb000000, 0x0000000100000000)
  eden space 342528K, 0% used [0x00000000e0000000,0x00000000e0000000,0x00000000f4e80000)
  from space 20480K, 99% used [0x00000000f4e80000,0x00000000f627ed40,0x00000000f6280000)
  to   space 28160K, 0% used [0x00000000f9480000,0x00000000f9480000,0x00000000fb000000)
 ParOldGen       total 163840K, used 56709K [0x00000000a0000000, 0x00000000aa000000, 0x00000000e0000000)
  object space 163840K, 34% used [0x00000000a0000000,0x00000000a3761688,0x00000000aa000000)
 Metaspace       used 107427K, capacity 112221K, committed 112664K, reserved 1146880K
  class space    used 14137K, capacity 15045K, committed 15144K, reserved 1048576K
}
Event: 3500.168 GC heap before
{Heap before GC invocations=24 (full 4):
 PSYoungGen      total 363008K, used 363003K [0x00000000e0000000, 0x00000000fb000000, 0x0000000100000000)
  eden space 342528K, 100% used [0x00000000e0000000,0x00000000f4e80000,0x00000000f4e80000)
  from space 20480K, 99% used [0x00000000f4e80000,0x00000000f627ed40,0x00000000f6280000)
  to   space 28160K, 0% used [0x00000000f9480000,0x00000000f9480000,0x00000000fb000000)
 ParOldGen       total 163840K, used 56709K [0x00000000a0000000, 0x00000000aa000000, 0x00000000e0000000)
  object space 163840K, 34% used [0x00000000a0000000,0x00000000a3761688,0x00000000aa000000)
 Metaspace       used 108341K, capacity 113241K, committed 113432K, reserved 1146880K
  class space    used 14208K, capacity 15137K, committed 15144K, reserved 1048576K
Event: 3500.207 GC heap after
Heap after GC invocations=24 (full 4):
 PSYoungGen      total 409600K, used 28156K [0x00000000e0000000, 0x00000000fb580000, 0x0000000100000000)
  eden space 381440K, 0% used [0x00000000e0000000,0x00000000e0000000,0x00000000f7480000)
  from space 28160K, 99% used [0x00000000f9480000,0x00000000fafff2d8,0x00000000fb000000)
  to   space 32768K, 0% used [0x00000000f7480000,0x00000000f7480000,0x00000000f9480000)
 ParOldGen       total 163840K, used 58063K [0x00000000a0000000, 0x00000000aa000000, 0x00000000e0000000)
  object space 163840K, 35% used [0x00000000a0000000,0x00000000a38b3fe8,0x00000000aa000000)
 Metaspace       used 108341K, capacity 113241K, committed 113432K, reserved 1146880K
  class space    used 14208K, capacity 15137K, committed 15144K, reserved 1048576K
}
Event: 6874.692 GC heap before
{Heap before GC invocations=25 (full 4):
 PSYoungGen      total 409600K, used 409596K [0x00000000e0000000, 0x00000000fb580000, 0x0000000100000000)
  eden space 381440K, 100% used [0x00000000e0000000,0x00000000f7480000,0x00000000f7480000)
  from space 28160K, 99% used [0x00000000f9480000,0x00000000fafff2d8,0x00000000fb000000)
  to   space 32768K, 0% used [0x00000000f7480000,0x00000000f7480000,0x00000000f9480000)
 ParOldGen       total 163840K, used 58063K [0x00000000a0000000, 0x00000000aa000000, 0x00000000e0000000)
  object space 163840K, 35% used [0x00000000a0000000,0x00000000a38b3fe8,0x00000000aa000000)
 Metaspace       used 113915K, capacity 119125K, committed 119448K, reserved 1153024K
  class space    used 14709K, capacity 15677K, committed 15784K, reserved 1048576K
Event: 6875.064 GC heap after
Heap after GC invocations=25 (full 4):
 PSYoungGen      total 414208K, used 32744K [0x00000000e0000000, 0x00000000ff280000, 0x0000000100000000)
  eden space 381440K, 0% used [0x00000000e0000000,0x00000000e0000000,0x00000000f7480000)
  from space 32768K, 99% used [0x00000000f7480000,0x00000000f947a2d8,0x00000000f9480000)
  to   space 46592K, 0% used [0x00000000fc500000,0x00000000fc500000,0x00000000ff280000)
 ParOldGen       total 163840K, used 81598K [0x00000000a0000000, 0x00000000aa000000, 0x00000000e0000000)
  object space 163840K, 49% used [0x00000000a0000000,0x00000000a4faf9f8,0x00000000aa000000)
 Metaspace       used 113915K, capacity 119125K, committed 119448K, reserved 1153024K
  class space    used 14709K, capacity 15677K, committed 15784K, reserved 1048576K
}
Event: 6883.797 GC heap before
{Heap before GC invocations=26 (full 4):
 PSYoungGen      total 414208K, used 414184K [0x00000000e0000000, 0x00000000ff280000, 0x0000000100000000)
  eden space 381440K, 100% used [0x00000000e0000000,0x00000000f7480000,0x00000000f7480000)
  from space 32768K, 99% used [0x00000000f7480000,0x00000000f947a2d8,0x00000000f9480000)
  to   space 46592K, 0% used [0x00000000fc500000,0x00000000fc500000,0x00000000ff280000)
 ParOldGen       total 163840K, used 81598K [0x00000000a0000000, 0x00000000aa000000, 0x00000000e0000000)
  object space 163840K, 49% used [0x00000000a0000000,0x00000000a4faf9f8,0x00000000aa000000)
 Metaspace       used 116018K, capacity 121345K, committed 121496K, reserved 1155072K
  class space    used 14901K, capacity 15915K, committed 16040K, reserved 1048576K
Event: 6883.822 GC heap after
Heap after GC invocations=26 (full 4):
 PSYoungGen      total 451584K, used 12111K [0x00000000e0000000, 0x00000000fea80000, 0x0000000100000000)
  eden space 413184K, 0% used [0x00000000e0000000,0x00000000e0000000,0x00000000f9380000)
  from space 38400K, 31% used [0x00000000fc500000,0x00000000fd0d3c98,0x00000000fea80000)
  to   space 44544K, 0% used [0x00000000f9380000,0x00000000f9380000,0x00000000fbf00000)
 ParOldGen       total 163840K, used 92073K [0x00000000a0000000, 0x00000000aa000000, 0x00000000e0000000)
  object space 163840K, 56% used [0x00000000a0000000,0x00000000a59ea540,0x00000000aa000000)
 Metaspace       used 116018K, capacity 121345K, committed 121496K, reserved 1155072K
  class space    used 14901K, capacity 15915K, committed 16040K, reserved 1048576K
}
Event: 6886.994 GC heap before
{Heap before GC invocations=27 (full 4):
 PSYoungGen      total 451584K, used 425295K [0x00000000e0000000, 0x00000000fea80000, 0x0000000100000000)
  eden space 413184K, 100% used [0x00000000e0000000,0x00000000f9380000,0x00000000f9380000)
  from space 38400K, 31% used [0x00000000fc500000,0x00000000fd0d3c98,0x00000000fea80000)
  to   space 44544K, 0% used [0x00000000f9380000,0x00000000f9380000,0x00000000fbf00000)
 ParOldGen       total 163840K, used 92073K [0x00000000a0000000, 0x00000000aa000000, 0x00000000e0000000)
  object space 163840K, 56% used [0x00000000a0000000,0x00000000a59ea540,0x00000000aa000000)
 Metaspace       used 125182K, capacity 131809K, committed 132120K, reserved 1163264K
  class space    used 16188K, capacity 17359K, committed 17448K, reserved 1048576K
Event: 6887.033 GC heap after
Heap after GC invocations=27 (full 4):
 PSYoungGen      total 457728K, used 25558K [0x00000000e0000000, 0x0000000100000000, 0x0000000100000000)
  eden space 413184K, 0% used [0x00000000e0000000,0x00000000e0000000,0x00000000f9380000)
  from space 44544K, 57% used [0x00000000f9380000,0x00000000fac75800,0x00000000fbf00000)
  to   space 45056K, 0% used [0x00000000fd400000,0x00000000fd400000,0x0000000100000000)
 ParOldGen       total 163840K, used 92081K [0x00000000a0000000, 0x00000000aa000000, 0x00000000e0000000)
  object space 163840K, 56% used [0x00000000a0000000,0x00000000a59ec540,0x00000000aa000000)
 Metaspace       used 125182K, capacity 131809K, committed 132120K, reserved 1163264K
  class space    used 16188K, capacity 17359K, committed 17448K, reserved 1048576K
}

